<?xml version="1.0" encoding="UTF-8"?>
<testng-results ignored="0" total="1" passed="1" failed="0" skipped="0">
  <reporter-output>
  </reporter-output>
  <suite started-at="2024-06-01T14:47:56Z" name="Default suite" finished-at="2024-06-01T14:49:05Z" duration-ms="68727">
    <groups>
    </groups>
    <test started-at="2024-06-01T14:47:56Z" name="Default test" finished-at="2024-06-01T14:49:05Z" duration-ms="68727">
      <class name="IRCTC.TrainBookingTest">
        <test-method is-config="true" signature="setup()[pri:0, instance:IRCTC.TrainBookingTest@27216cd]" started-at="2024-06-01T20:17:56Z" name="setup" finished-at="2024-06-01T20:18:00Z" duration-ms="3937" status="PASS">
          <reporter-output>
          </reporter-output>
        </test-method> <!-- setup -->
        <test-method signature="bookTrainTicket()[pri:0, instance:IRCTC.TrainBookingTest@27216cd]" started-at="2024-06-01T20:18:00Z" name="bookTrainTicket" finished-at="2024-06-01T20:19:04Z" duration-ms="63730" status="PASS">
          <reporter-output>
          </reporter-output>
        </test-method> <!-- bookTrainTicket -->
        <test-method is-config="true" signature="tearDown()[pri:0, instance:IRCTC.TrainBookingTest@27216cd]" started-at="2024-06-01T20:19:04Z" name="tearDown" finished-at="2024-06-01T20:19:05Z" duration-ms="1030" status="PASS">
          <reporter-output>
          </reporter-output>
        </test-method> <!-- tearDown -->
      </class> <!-- IRCTC.TrainBookingTest -->
    </test> <!-- Default test -->
  </suite> <!-- Default suite -->
</testng-results>
