<?xml version="1.0" encoding="UTF-8"?>
<testng-results ignored="0" total="1" passed="1" failed="0" skipped="0">
  <reporter-output>
  </reporter-output>
  <suite started-at="2024-06-03T11:15:34 IST" name="Default suite" finished-at="2024-06-03T11:17:27 IST" duration-ms="113242">
    <groups>
    </groups>
    <test started-at="2024-06-03T11:15:34 IST" name="Default test" finished-at="2024-06-03T11:17:27 IST" duration-ms="113242">
      <class name="Bus.bus_terminal">
        <test-method is-config="true" signature="setUp()[pri:0, instance:Bus.bus_terminal@2ea41516]" started-at="2024-06-03T11:15:34 IST" name="setUp" finished-at="2024-06-03T11:16:10 IST" duration-ms="36438" status="PASS">
          <reporter-output>
          </reporter-output>
        </test-method> <!-- setUp -->
        <test-method signature="bookBusTicket()[pri:0, instance:Bus.bus_terminal@2ea41516]" started-at="2024-06-03T11:16:11 IST" name="bookBusTicket" finished-at="2024-06-03T11:17:27 IST" duration-ms="76337" status="PASS">
          <reporter-output>
          </reporter-output>
        </test-method> <!-- bookBusTicket -->
        <test-method is-config="true" signature="tearDown()[pri:0, instance:Bus.bus_terminal@2ea41516]" started-at="2024-06-03T11:17:27 IST" name="tearDown" finished-at="2024-06-03T11:17:27 IST" duration-ms="381" status="PASS">
          <reporter-output>
          </reporter-output>
        </test-method> <!-- tearDown -->
      </class> <!-- Bus.bus_terminal -->
    </test> <!-- Default test -->
  </suite> <!-- Default suite -->
</testng-results>
