<?xml version="1.0" encoding="UTF-8"?>
<testng-results ignored="0" total="1" passed="1" failed="0" skipped="0">
  <reporter-output>
  </reporter-output>
  <suite started-at="2024-06-05T05:51:42Z" name="Default suite" finished-at="2024-06-05T05:53:29Z" duration-ms="107045">
    <groups>
    </groups>
    <test started-at="2024-06-05T05:51:42Z" name="Default test" finished-at="2024-06-05T05:53:29Z" duration-ms="107045">
      <class name="Gmail.GmailLoginTestNG">
        <test-method is-config="true" signature="stup()[pri:0, instance:Gmail.GmailLoginTestNG@1339e7aa]" started-at="2024-06-05T11:21:42Z" name="stup" finished-at="2024-06-05T11:21:51Z" duration-ms="9088" status="PASS">
          <reporter-output>
          </reporter-output>
        </test-method> <!-- stup -->
        <test-method signature="gmail()[pri:0, instance:Gmail.GmailLoginTestNG@1339e7aa]" started-at="2024-06-05T11:21:51Z" name="gmail" finished-at="2024-06-05T11:23:28Z" duration-ms="97441" status="PASS">
          <reporter-output>
          </reporter-output>
        </test-method> <!-- gmail -->
        <test-method is-config="true" signature="end()[pri:0, instance:Gmail.GmailLoginTestNG@1339e7aa]" started-at="2024-06-05T11:23:28Z" name="end" finished-at="2024-06-05T11:23:29Z" duration-ms="478" status="PASS">
          <reporter-output>
          </reporter-output>
        </test-method> <!-- end -->
      </class> <!-- Gmail.GmailLoginTestNG -->
    </test> <!-- Default test -->
  </suite> <!-- Default suite -->
</testng-results>
