<?xml version="1.0" encoding="UTF-8"?>
<testng-results ignored="0" total="1" passed="1" failed="0" skipped="0">
  <reporter-output>
  </reporter-output>
  <suite started-at="2024-06-05T09:08:27Z" name="Default suite" finished-at="2024-06-05T09:11:13Z" duration-ms="166181">
    <groups>
    </groups>
    <test started-at="2024-06-05T09:08:27Z" name="Default test" finished-at="2024-06-05T09:11:13Z" duration-ms="166181">
      <class name="Gmail.GmailLoginTestNG">
        <test-method is-config="true" signature="stup()[pri:0, instance:Gmail.GmailLoginTestNG@1339e7aa]" started-at="2024-06-05T14:38:27Z" name="stup" finished-at="2024-06-05T14:38:40Z" duration-ms="13164" status="PASS">
          <reporter-output>
          </reporter-output>
        </test-method> <!-- stup -->
        <test-method signature="gmail()[pri:0, instance:Gmail.GmailLoginTestNG@1339e7aa]" started-at="2024-06-05T14:38:40Z" name="gmail" finished-at="2024-06-05T14:41:13Z" duration-ms="152369" status="PASS">
          <reporter-output>
          </reporter-output>
        </test-method> <!-- gmail -->
        <test-method is-config="true" signature="end()[pri:0, instance:Gmail.GmailLoginTestNG@1339e7aa]" started-at="2024-06-05T14:41:13Z" name="end" finished-at="2024-06-05T14:41:13Z" duration-ms="592" status="PASS">
          <reporter-output>
          </reporter-output>
        </test-method> <!-- end -->
      </class> <!-- Gmail.GmailLoginTestNG -->
    </test> <!-- Default test -->
  </suite> <!-- Default suite -->
</testng-results>
